<?xml version="1.0" encoding="UTF-8"?>
<!-- Generated by org.testng.reporters.JUnitReportReporter -->
<testsuite name="com.org.Testcases.Login_Page_Test" tests="2" time="12.596" ignored="0" failures="0" timestamp="30 Dec 2021 06:38:20 GMT" skipped="0" hostname="Inthiyaz" errors="0">
  <testcase name="Verify_Home_Page" time="5.712" classname="com.org.Testcases.Login_Page_Test"/>
  <testcase name="Verify_Login_Page" time="6.884" classname="com.org.Testcases.Login_Page_Test"/>
</testsuite> <!-- com.org.Testcases.Login_Page_Test -->
