<?xml version="1.0" encoding="UTF-8"?>
<!-- Generated by org.testng.reporters.JUnitReportReporter -->
<testsuite name="com.org.Testcases.Home_Page_Test" tests="3" time="7.019" ignored="0" failures="0" timestamp="28 Dec 2021 18:40:31 GMT" skipped="0" hostname="Inthiyaz" errors="0">
  <testcase name="Verify_Register" time="3.615" classname="com.org.Testcases.Home_Page_Test"/>
  <testcase name="Verify_Home_Page_Title" time="0.221" classname="com.org.Testcases.Home_Page_Test"/>
  <testcase name="Verify_MyAccount_Dropdown" time="3.183" classname="com.org.Testcases.Home_Page_Test"/>
</testsuite> <!-- com.org.Testcases.Home_Page_Test -->
